<?xml version="1.0" encoding="UTF-8"?>
<!-- Generated by org.testng.reporters.JUnitXMLReporter -->
<testsuite hostname="LAPTOP-2HJFJ1OT" ignored="0" name="Test Chilis WebApp" tests="1" failures="1" timestamp="03 Jun 2021 07:13:45 GMT" time="195.608" errors="0">
  <testcase name="testLoggedInOrderFeature" time="150.45" classname="MobileAutomation.MobileSeeTestWebAutomation.TestLoggedInOrder">
    <failure type="java.lang.NullPointerException">
      <![CDATA[java.lang.NullPointerException
	at Resources.Base.tearDown(Base.java:68)
	at Resources.FunctionalComponents.continueToPayment(FunctionalComponents.java:1024)
	at MobileAutomation.MobileSeeTestWebAutomation.TestLoggedInOrder.testLoggedInOrderFeature(TestLoggedInOrder.java:38)
... Removed 25 stack frames]]>
    </failure>
  </testcase> <!-- testLoggedInOrderFeature -->
</testsuite> <!-- Test Chilis WebApp -->
