<?xml version="1.0" encoding="UTF-8"?>
<!-- Generated by org.testng.reporters.JUnitXMLReporter -->
<testsuite hostname="LAPTOP-2HJFJ1OT" ignored="0" name="Test Chilis WebApp" tests="1" failures="1" timestamp="14 Jun 2021 13:37:34 GMT" time="282.673" errors="0">
  <testcase name="iosLoginLogout" time="169.251" classname="MobileAutomation.MobileSeeTestWebAutomation.TestChilisIOSApp">
    <failure type="java.lang.NullPointerException">
      <![CDATA[java.lang.NullPointerException
	at Resources.Base.stopTest(Base.java:144)
	at Resources.FunctionalComponents.appClickLogoutButtonIOS(FunctionalComponents.java:2957)
	at MobileAutomation.MobileSeeTestWebAutomation.TestChilisIOSApp.iosLoginLogout(TestChilisIOSApp.java:54)
... Removed 25 stack frames]]>
    </failure>
  </testcase> <!-- iosLoginLogout -->
</testsuite> <!-- Test Chilis WebApp -->
