<?xml version="1.0" encoding="UTF-8"?>
<testng-results skipped="0" failed="0" ignored="8" total="9" passed="1">
  <reporter-output>
  </reporter-output>
  <suite name="Suite" duration-ms="99434" started-at="2021-06-05T19:57:05Z" finished-at="2021-06-05T19:58:45Z">
    <groups>
    </groups>
    <test name="Test Chilis WebApp" duration-ms="99434" started-at="2021-06-05T19:57:05Z" finished-at="2021-06-05T19:58:45Z">
      <class name="MobileAutomation.MobileSeeTestWebAutomation.TestChilisAndroid">
        <test-method status="PASS" signature="initialize()[pri:0, instance:MobileAutomation.MobileSeeTestWebAutomation.TestChilisAndroid@5ef60048]" name="initialize" is-config="true" duration-ms="30582" started-at="2021-06-06T01:27:05Z" finished-at="2021-06-06T01:27:36Z">
          <reporter-output>
          </reporter-output>
        </test-method> <!-- initialize -->
        <test-method status="PASS" signature="testLoginFeature()[pri:0, instance:MobileAutomation.MobileSeeTestWebAutomation.TestChilisAndroid@5ef60048]" name="testLoginFeature" duration-ms="62055" started-at="2021-06-06T01:27:36Z" finished-at="2021-06-06T01:28:38Z">
          <reporter-output>
          </reporter-output>
        </test-method> <!-- testLoginFeature -->
        <test-method status="PASS" signature="tearDown()[pri:0, instance:MobileAutomation.MobileSeeTestWebAutomation.TestChilisAndroid@5ef60048]" name="tearDown" is-config="true" duration-ms="6749" started-at="2021-06-06T01:28:38Z" finished-at="2021-06-06T01:28:45Z">
          <reporter-output>
          </reporter-output>
        </test-method> <!-- tearDown -->
      </class> <!-- MobileAutomation.MobileSeeTestWebAutomation.TestChilisAndroid -->
    </test> <!-- Test Chilis WebApp -->
  </suite> <!-- Suite -->
</testng-results>
