<?xml version="1.0" encoding="UTF-8"?>
<testng-results skipped="0" failed="0" ignored="0" total="1" passed="1">
  <reporter-output>
  </reporter-output>
  <suite name="Suite" duration-ms="283972" started-at="2021-06-04T14:29:41Z" finished-at="2021-06-04T14:34:25Z">
    <groups>
    </groups>
    <test name="Test Chilis WebApp" duration-ms="283972" started-at="2021-06-04T14:29:41Z" finished-at="2021-06-04T14:34:25Z">
      <class name="MobileAutomation.MobileSeeTestWebAutomation.TestMCACarryOutLaterToday">
        <test-method status="PASS" signature="initialize()[pri:0, instance:MobileAutomation.MobileSeeTestWebAutomation.TestMCACarryOutLaterToday@21507a04]" name="initialize" is-config="true" duration-ms="33016" started-at="2021-06-04T19:59:41Z" finished-at="2021-06-04T20:00:14Z">
          <reporter-output>
          </reporter-output>
        </test-method> <!-- initialize -->
        <test-method status="PASS" signature="testMCACarryoutASAP()[pri:0, instance:MobileAutomation.MobileSeeTestWebAutomation.TestMCACarryOutLaterToday@21507a04]" name="testMCACarryoutASAP" duration-ms="242876" started-at="2021-06-04T20:00:14Z" finished-at="2021-06-04T20:04:17Z">
          <reporter-output>
          </reporter-output>
        </test-method> <!-- testMCACarryoutASAP -->
        <test-method status="PASS" signature="tearDown()[pri:0, instance:MobileAutomation.MobileSeeTestWebAutomation.TestMCACarryOutLaterToday@21507a04]" name="tearDown" is-config="true" duration-ms="8039" started-at="2021-06-04T20:04:17Z" finished-at="2021-06-04T20:04:25Z">
          <reporter-output>
          </reporter-output>
        </test-method> <!-- tearDown -->
      </class> <!-- MobileAutomation.MobileSeeTestWebAutomation.TestMCACarryOutLaterToday -->
    </test> <!-- Test Chilis WebApp -->
  </suite> <!-- Suite -->
</testng-results>
